<?xml version="1.0" encoding="UTF-8"?>
<testsuite xmlns:xsi="http://www.w3.org/2001/XMLSchema-instance" xsi:noNamespaceSchemaLocation="https://maven.apache.org/surefire/maven-surefire-plugin/xsd/surefire-test-report.xsd" version="3.0.2" name="cat.iesesteveterradas.utils.UtilsSQLiteTest" time="1.082" tests="10" errors="0" skipped="0" failures="0">
  <properties>
[...]
</properties>
  <testcase name="queryUpdate_shouldInsertOneRow" classname="cat.iesesteveterradas.utils.UtilsSQLiteTest" time="0.873">
    <system-out><![CDATA[10:37:33.593 [main] INFO cat.iesesteveterradas.utils.UtilsSQLite -- BBDD SQLite connectada a Z:\WindowsTemp\junit3746257486862131066\test.db
10:37:33.601 [main] INFO cat.iesesteveterradas.utils.UtilsSQLite -- BBDD driver: SQLite JDBC
10:37:33.617 [main] DEBUG cat.iesesteveterradas.utils.UtilsSQLite -- Executada queryUpdate. Files afectades: 1. SQL: INSERT INTO users(name, email) VALUES('Bob', 'bob@builder.com')
10:37:33.677 [main] INFO cat.iesesteveterradas.utils.UtilsSQLite -- DDBB SQLite desconnectada
]]></system-out>
  </testcase>
  <testcase name="queryUpdatePS_shouldDeleteRow" classname="cat.iesesteveterradas.utils.UtilsSQLiteTest" time="0.025">
    <system-out><![CDATA[10:37:33.699 [main] INFO cat.iesesteveterradas.utils.UtilsSQLite -- BBDD SQLite connectada a Z:\WindowsTemp\junit9456762075330312989\test.db
10:37:33.699 [main] INFO cat.iesesteveterradas.utils.UtilsSQLite -- BBDD driver: SQLite JDBC
10:37:33.713 [main] DEBUG cat.iesesteveterradas.utils.UtilsSQLite -- Executada queryUpdatePS. Files afectades: 1. SQL: INSERT INTO users(name, email) VALUES(?, ?)
10:37:33.716 [main] DEBUG cat.iesesteveterradas.utils.UtilsSQLite -- Executada queryUpdatePS. Files afectades: 1. SQL: DELETE FROM users WHERE name = ?
10:37:33.716 [main] DEBUG cat.iesesteveterradas.utils.UtilsSQLite -- Executant querySelectPS. SQL: SELECT COUNT(*) FROM users
10:37:33.719 [main] INFO cat.iesesteveterradas.utils.UtilsSQLite -- DDBB SQLite desconnectada
]]></system-out>
  </testcase>
  <testcase name="queryUpdatePS_shouldInsertOneRow" classname="cat.iesesteveterradas.utils.UtilsSQLiteTest" time="0.016">
    <system-out><![CDATA[10:37:33.725 [main] INFO cat.iesesteveterradas.utils.UtilsSQLite -- BBDD SQLite connectada a Z:\WindowsTemp\junit16812530762788026313\test.db
10:37:33.725 [main] INFO cat.iesesteveterradas.utils.UtilsSQLite -- BBDD driver: SQLite JDBC
10:37:33.737 [main] DEBUG cat.iesesteveterradas.utils.UtilsSQLite -- Executada queryUpdatePS. Files afectades: 1. SQL: INSERT INTO users(name, email) VALUES(?, ?)
10:37:33.737 [main] DEBUG cat.iesesteveterradas.utils.UtilsSQLite -- Executant querySelectPS. SQL: SELECT COUNT(*) FROM users WHERE name = ?
10:37:33.737 [main] INFO cat.iesesteveterradas.utils.UtilsSQLite -- DDBB SQLite desconnectada
]]></system-out>
  </testcase>
  <testcase name="disconnect_withNullConnection_shouldNotThrowException" classname="cat.iesesteveterradas.utils.UtilsSQLiteTest" time="0.012">
    <system-out><![CDATA[10:37:33.743 [main] INFO cat.iesesteveterradas.utils.UtilsSQLite -- BBDD SQLite connectada a Z:\WindowsTemp\junit7790370627536461507\test.db
10:37:33.743 [main] INFO cat.iesesteveterradas.utils.UtilsSQLite -- BBDD driver: SQLite JDBC
10:37:33.751 [main] INFO cat.iesesteveterradas.utils.UtilsSQLite -- DDBB SQLite desconnectada
]]></system-out>
  </testcase>
  <testcase name="listTables_shouldReturnUsersTable" classname="cat.iesesteveterradas.utils.UtilsSQLiteTest" time="0.022">
    <system-out><![CDATA[10:37:33.756 [main] INFO cat.iesesteveterradas.utils.UtilsSQLite -- BBDD SQLite connectada a Z:\WindowsTemp\junit3229128641337621172\test.db
10:37:33.756 [main] INFO cat.iesesteveterradas.utils.UtilsSQLite -- BBDD driver: SQLite JDBC
10:37:33.764 [main] DEBUG cat.iesesteveterradas.utils.UtilsSQLite -- S'han trobat 2 taules.
10:37:33.774 [main] INFO cat.iesesteveterradas.utils.UtilsSQLite -- DDBB SQLite desconnectada
]]></system-out>
  </testcase>
  <testcase name="queryUpdatePS_shouldUpdateExistingRow" classname="cat.iesesteveterradas.utils.UtilsSQLiteTest" time="0.021">
    <system-out><![CDATA[10:37:33.780 [main] INFO cat.iesesteveterradas.utils.UtilsSQLite -- BBDD SQLite connectada a Z:\WindowsTemp\junit7942927270910875615\test.db
10:37:33.780 [main] INFO cat.iesesteveterradas.utils.UtilsSQLite -- BBDD driver: SQLite JDBC
10:37:33.788 [main] DEBUG cat.iesesteveterradas.utils.UtilsSQLite -- Executada queryUpdatePS. Files afectades: 1. SQL: INSERT INTO users(name, email) VALUES(?, ?)
10:37:33.792 [main] DEBUG cat.iesesteveterradas.utils.UtilsSQLite -- Executada queryUpdatePS. Files afectades: 1. SQL: UPDATE users SET email = ? WHERE name = ?
10:37:33.792 [main] DEBUG cat.iesesteveterradas.utils.UtilsSQLite -- Executant querySelectPS. SQL: SELECT email FROM users WHERE name = ?
10:37:33.797 [main] INFO cat.iesesteveterradas.utils.UtilsSQLite -- DDBB SQLite desconnectada
]]></system-out>
  </testcase>
  <testcase name="querySelect_shouldRetrieveData" classname="cat.iesesteveterradas.utils.UtilsSQLiteTest" time="0.015">
    <system-out><![CDATA[10:37:33.804 [main] INFO cat.iesesteveterradas.utils.UtilsSQLite -- BBDD SQLite connectada a Z:\WindowsTemp\junit15660907432178452455\test.db
10:37:33.804 [main] INFO cat.iesesteveterradas.utils.UtilsSQLite -- BBDD driver: SQLite JDBC
10:37:33.813 [main] DEBUG cat.iesesteveterradas.utils.UtilsSQLite -- Executada queryUpdate. Files afectades: 1. SQL: INSERT INTO users(name, email) VALUES('Charlie', 'charlie@factory.com')
10:37:33.813 [main] DEBUG cat.iesesteveterradas.utils.UtilsSQLite -- Executant querySelect. SQL: SELECT * FROM users WHERE name = 'Charlie'
10:37:33.814 [main] INFO cat.iesesteveterradas.utils.UtilsSQLite -- DDBB SQLite desconnectada
]]></system-out>
  </testcase>
  <testcase name="querySelectPS_shouldRetrieveCorrectData" classname="cat.iesesteveterradas.utils.UtilsSQLiteTest" time="0.013">
    <system-out><![CDATA[10:37:33.819 [main] INFO cat.iesesteveterradas.utils.UtilsSQLite -- BBDD SQLite connectada a Z:\WindowsTemp\junit5042272018234408262\test.db
10:37:33.819 [main] INFO cat.iesesteveterradas.utils.UtilsSQLite -- BBDD driver: SQLite JDBC
10:37:33.828 [main] DEBUG cat.iesesteveterradas.utils.UtilsSQLite -- Executada queryUpdatePS. Files afectades: 1. SQL: INSERT INTO users(name, email) VALUES(?, ?)
10:37:33.828 [main] DEBUG cat.iesesteveterradas.utils.UtilsSQLite -- Executant querySelectPS. SQL: SELECT * FROM users WHERE name = ?
10:37:33.829 [main] INFO cat.iesesteveterradas.utils.UtilsSQLite -- DDBB SQLite desconnectada
]]></system-out>
  </testcase>
  <testcase name="connect_shouldReturnOpenConnection" classname="cat.iesesteveterradas.utils.UtilsSQLiteTest" time="0.009">
    <system-out><![CDATA[10:37:33.834 [main] INFO cat.iesesteveterradas.utils.UtilsSQLite -- BBDD SQLite connectada a Z:\WindowsTemp\junit16958350180168914869\test.db
10:37:33.835 [main] INFO cat.iesesteveterradas.utils.UtilsSQLite -- BBDD driver: SQLite JDBC
10:37:33.840 [main] INFO cat.iesesteveterradas.utils.UtilsSQLite -- DDBB SQLite desconnectada
]]></system-out>
  </testcase>
  <testcase name="queryUpdatePS_withInvalidSQL_shouldThrowSQLException" classname="cat.iesesteveterradas.utils.UtilsSQLiteTest" time="0.013">
    <system-out><![CDATA[10:37:33.845 [main] INFO cat.iesesteveterradas.utils.UtilsSQLite -- BBDD SQLite connectada a Z:\WindowsTemp\junit5098667976417698193\test.db
10:37:33.845 [main] INFO cat.iesesteveterradas.utils.UtilsSQLite -- BBDD driver: SQLite JDBC
10:37:33.854 [main] INFO cat.iesesteveterradas.utils.UtilsSQLite -- DDBB SQLite desconnectada
]]></system-out>
  </testcase>
</testsuite>